<?xml version="1.0" encoding="UTF-8"?>
<!-- Generated by org.testng.reporters.JUnitReportReporter -->
<testsuite hostname="DESKTOP-S5LVNE2" failures="0" tests="2" name="com.TestCases.LandingTestCases" time="6.203" errors="0" timestamp="2025-12-17T15:35:34 IST" skipped="0">
  <testcase classname="com.TestCases.LandingTestCases" name="testLinkLoginDisplay" time="3.500"/>
  <testcase classname="com.TestCases.LandingTestCases" name="testLinkLoginEnabled" time="2.703"/>
</testsuite> <!-- com.TestCases.LandingTestCases -->
